<?xml version="1.0" encoding="UTF-8"?>
<!-- Generated by org.testng.reporters.JUnitXMLReporter -->
<testsuite ignored="0" hostname="DESKTOP-A5CHD3A" failures="0" tests="4" name="Test" time="51.119" errors="0" timestamp="2024-07-15T17:15:22 IST">
  <testcase classname="com.testScripts.AddressTest" name="addAddressTes" time="5.725"/>
  <testcase classname="com.testScripts.AddressTest" name="removeAddressTest" time="4.417"/>
  <testcase classname="com.testScripts.ShoppingCartTest" name="addToCartTest" time="6.447"/>
  <testcase classname="com.testScripts.ShoppingCartTest" name="removeFromCartTest" time="2.295"/>
</testsuite> <!-- Test -->
