<?xml version="1.0" encoding="UTF-8"?>
<testng-results ignored="0" total="1" passed="1" failed="0" skipped="0">
  <reporter-output>
  </reporter-output>
  <suite started-at="2024-07-23T17:40:57 IST" name="Default suite" finished-at="2024-07-23T17:41:07 IST" duration-ms="9245">
    <groups>
    </groups>
    <test started-at="2024-07-23T17:40:57 IST" name="Default test" finished-at="2024-07-23T17:41:07 IST" duration-ms="9245">
      <class name="com.testScripts.Register_Test">
        <test-method signature="registerTest(java.lang.reflect.Method)[pri:0, instance:com.testScripts.Register_Test@18df8434]" started-at="2024-07-23T17:40:58 IST" name="registerTest" finished-at="2024-07-23T17:41:07 IST" duration-ms="9198" status="PASS">
          <params>
            <param index="0">
              <value>
                <![CDATA[public void com.testScripts.Register_Test.registerTest(java.lang.reflect.Method) throws java.lang.InterruptedException]]>
              </value>
            </param>
          </params>
          <reporter-output>
          </reporter-output>
        </test-method> <!-- registerTest -->
      </class> <!-- com.testScripts.Register_Test -->
    </test> <!-- Default test -->
  </suite> <!-- Default suite -->
</testng-results>
